[
  {
    "language": "java",
    "log": "org.openqa.selenium.TimeoutException: Expected condition failed: waiting for visibility of element located by By.xpath: //*[(translate(@id, 'ABCDEFGHIJKLMNOPQRSTUVWXYZ', 'abcdefghijklmnopqrstuvwxyz') = 'g2.userdashboardspage.expandcollapsebutton') and not(ancestor::div[contains(@style,'display: none')])] (tried for 10 second(s) with 500 milliseconds interval)\nat org.openqa.selenium.support.ui.WebDriverWait.timeoutException(WebDriverWait.java:113) \n at org.openqa.selenium.support.ui.FluentWait.until(FluentWait.java:283) \n at com.mscs.emr.test.functional.BaseTestPage.waitUntilElementVisibleBeta(BaseTestPage.java:2340) \n at com.mscs.emr.test.functional.BaseTestPage.waitUntilElementVisibleBeta(BaseTestPage.java:2328) \n at com.mscs.emr.test.functional.g2.pages.dashboard.UserDashboardTabPage.openOrCloseLibraryPanel(UserDashboardTabPage.java:52) \n at com.mscs.emr.test.functional.g2.pages.dashboard.UserDashboardTabPage.addVisitListWidgetToDashboard(UserDashboardTabPage.java:96) \n at com.mscs.emr.test.functional.g2.test.chargecapture.ChargeCaptureReportTest.test4ChargeInterfaceProceduresFollowedByDrugsChargeReportHeaderStatusNeedsRelease(ChargeCaptureReportTest.java:5360) \n at sun.reflect.NativeMethodAccessorImpl.invoke0(Native Method) \n at sun.reflect.NativeMethodAccessorImpl.invoke(Unknown Source) \n at sun.reflect.DelegatingMethodAccessorImpl.invoke(Unknown Source) \n at java.lang.reflect.Method.invoke(Unknown Source) \n at org.testng.internal.MethodInvocationHelper.invokeMethod(MethodInvocationHelper.java:124) \n at org.testng.internal.MethodInvocationHelper$1.runTestMethod(MethodInvocationHelper.java:230) \n at com.mscs.emr.test.functional.InvokedMethodListener.lambda$0(InvokedMethodListener.java:276) \n at com.mscs.emr.ejb.session.adminTools.TransactionManager.doWork(TransactionManager.java:101) \n at com.mscs.emr.ejb.session.adminTools.TransactionManager.doWork(TransactionManager.java:82) \n at com.mscs.emr.test.functional.InvokedMethodListener.run(InvokedMethodListener.java:255) \n at org.testng.internal.MethodInvocationHelper.invokeHookable(MethodInvocationHelper.java:242) \n at java.util.concurrent.ThreadPoolExecutor.runWorker(Unknown Source) \n at java.util.concurrent.ThreadPoolExecutor$Worker.run(Unknown Source) \n at java.lang.Thread.run(Unknown Source)",
    "detected_message": "org.openqa.selenium.TimeoutException: Expected condition failed: waiting for visibility of element located by By.xpath: //*[(translate(@id, 'ABCDEFGHIJKLMNOPQRSTUVWXYZ', 'abcdefghijklmnopqrstuvwxyz') = 'g2.userdashboardspage.expandcollapsebutton') and not(ancestor::div[contains(@style,'display: none')])] (tried for 10 second(s) with 500 milliseconds interval)",
    "stacktrace": "at org.openqa.selenium.support.ui.WebDriverWait.timeoutException(WebDriverWait.java:113) \n at org.openqa.selenium.support.ui.FluentWait.until(FluentWait.java:283) \n at com.mscs.emr.test.functional.BaseTestPage.waitUntilElementVisibleBeta(BaseTestPage.java:2340) \n at com.mscs.emr.test.functional.BaseTestPage.waitUntilElementVisibleBeta(BaseTestPage.java:2328) \n at com.mscs.emr.test.functional.g2.pages.dashboard.UserDashboardTabPage.openOrCloseLibraryPanel(UserDashboardTabPage.java:52) \n at com.mscs.emr.test.functional.g2.pages.dashboard.UserDashboardTabPage.addVisitListWidgetToDashboard(UserDashboardTabPage.java:96) \n at com.mscs.emr.test.functional.g2.test.chargecapture.ChargeCaptureReportTest.test4ChargeInterfaceProceduresFollowedByDrugsChargeReportHeaderStatusNeedsRelease(ChargeCaptureReportTest.java:5360) \n at sun.reflect.NativeMethodAccessorImpl.invoke0(Native Method) \n at sun.reflect.NativeMethodAccessorImpl.invoke(Unknown Source) \n at sun.reflect.DelegatingMethodAccessorImpl.invoke(Unknown Source) \n at java.lang.reflect.Method.invoke(Unknown Source) \n at org.testng.internal.MethodInvocationHelper.invokeMethod(MethodInvocationHelper.java:124) \n at org.testng.internal.MethodInvocationHelper$1.runTestMethod(MethodInvocationHelper.java:230) \n at com.mscs.emr.test.functional.InvokedMethodListener.lambda$0(InvokedMethodListener.java:276) \n at com.mscs.emr.ejb.session.adminTools.TransactionManager.doWork(TransactionManager.java:101) \n at com.mscs.emr.ejb.session.adminTools.TransactionManager.doWork(TransactionManager.java:82) \n at com.mscs.emr.test.functional.InvokedMethodListener.run(InvokedMethodListener.java:255) \n at org.testng.internal.MethodInvocationHelper.invokeHookable(MethodInvocationHelper.java:242) \n at java.util.concurrent.ThreadPoolExecutor.runWorker(Unknown Source) \n at java.util.concurrent.ThreadPoolExecutor$Worker.run(Unknown Source) \n at java.lang.Thread.run(Unknown Source)",
    "expected_test_methods": [
      "ChargeCaptureReportTest.java",
      "com.mscs.emr.test.functional.g2.test.chargecapture.ChargeCaptureReportTest.test4ChargeInterfaceProceduresFollowedByDrugsChargeReportHeaderStatusNeedsRelease"
    ]
  },
  {
    "language": "java",
    "log": "com.epam.ta.reportportal.exception.ReportPortalException: Impossible interact with integration. There are no analyzer services are deployed.\n\tat com.epam.ta.reportportal.commons.validation.ErrorTypeBasedRuleValidator.verify(ErrorTypeBasedRuleValidator.java:32)\n\tat com.epam.ta.reportportal.core.launch.cluster.pipeline.data.AnalyzerClusterDataProvider.provide(AnalyzerClusterDataProvider.java:47)\n\tat com.epam.ta.reportportal.core.launch.cluster.pipeline.SaveClusterDataPartProvider.lambda.provide.0(SaveClusterDataPartProvider.java:44)\n\tat java.base/java.util.Optional.flatMap(Optional.java:289)\n\tat com.epam.ta.reportportal.core.launch.cluster.pipeline.SaveClusterDataPartProvider.provide(SaveClusterDataPartProvider.java:44)\n\tat com.epam.ta.reportportal.core.launch.cluster.pipeline.SaveClusterDataPartProvider.provide(SaveClusterDataPartProvider.java:30)\n\tat com.epam.ta.reportportal.pipeline.PipelineConstructor.lambda.construct.0(PipelineConstructor.java:34)\n\tat java.base/java.util.stream.ReferencePipeline.3.1.accept(ReferencePipeline.java:197)\n\tat java.base/java.util.AbstractList.RandomAccessSpliterator.forEachRemaining(AbstractList.java:722)\n\tat java.base/java.util.stream.AbstractPipeline.copyInto(AbstractPipeline.java:509)\n\tat java.base/java.util.stream.AbstractPipeline.wrapAndCopyInto(AbstractPipeline.java:499)\n\tat java.base/java.util.stream.ReduceOps.ReduceOp.evaluateSequential(ReduceOps.java:921)\n\tat java.base/java.util.stream.AbstractPipeline.evaluate(AbstractPipeline.java:234)\n\tat java.base/java.util.stream.ReferencePipeline.collect(ReferencePipeline.java:682)\n\tat com.epam.ta.reportportal.pipeline.PipelineConstructor.construct(PipelineConstructor.java:34)\n\tat com.epam.ta.reportportal.core.launch.cluster.UniqueErrorGenerator.generateClusters(UniqueErrorGenerator.java:78)\n\tat com.epam.ta.reportportal.core.launch.cluster.UniqueErrorGenerator.generate(UniqueErrorGenerator.java:60)\n\tat com.epam.ta.reportportal.core.events.handler.item.TestItemUniqueErrorAnalysisRunner.handle(TestItemUniqueErrorAnalysisRunner.java:66)\n\tat com.epam.ta.reportportal.core.events.handler.item.TestItemUniqueErrorAnalysisRunner.handle(TestItemUniqueErrorAnalysisRunner.java:37)\n\tat com.epam.ta.reportportal.core.events.subscriber.impl.delegate.ProjectConfigDelegatingSubscriber.lambda.handleEvent.0(ProjectConfigDelegatingSubscriber.java:44)\n\tat java.base/java.lang.Iterable.forEach(Iterable.java:75)\n\tat com.epam.ta.reportportal.core.events.subscriber.impl.delegate.ProjectConfigDelegatingSubscriber.handleEvent(ProjectConfigDelegatingSubscriber.java:44)\n\tat com.epam.ta.reportportal.core.events.subscriber.impl.delegate.ProjectConfigDelegatingSubscriber.handleEvent(ProjectConfigDelegatingSubscriber.java:29)\n\tat com.epam.ta.reportportal.core.events.listener.TestItemIssueResolvedEventListener.lambda.onApplicationEvent.0(TestItemIssueResolvedEventListener.java:39)\n\tat java.base/java.lang.Iterable.forEach(Iterable.java:75)\n\tat com.epam.ta.reportportal.core.events.listener.TestItemIssueResolvedEventListener.onApplicationEvent(TestItemIssueResolvedEventListener.java:39)\n\tat org.springframework.cglib.proxy.MethodProxy.invoke(MethodProxy.java:218)\n\tat org.springframework.aop.framework.CglibAopProxy.CglibMethodInvocation.invokeJoinpoint(CglibAopProxy.java:793)\n\tat org.springframework.aop.framework.ReflectiveMethodInvocation.proceed(ReflectiveMethodInvocation.java:163)\n\tat org.springframework.aop.framework.CglibAopProxy.CglibMethodInvocation.proceed(CglibAopProxy.java:763)\n\tat org.springframework.aop.interceptor.AsyncExecutionInterceptor.lambda.invoke.0(AsyncExecutionInterceptor.java:115)\n\tat java.base/java.util.concurrent.FutureTask.run(FutureTask.java:317)\n\tat java.base/java.util.concurrent.ThreadPoolExecutor.runWorker(ThreadPoolExecutor.java:1144)\n\tat java.base/java.util.concurrent.ThreadPoolExecutor.Worker.run(ThreadPoolExecutor.java:642)\n\tat java.base/java.lang.Thread.run(Thread.java:1583)\n",
    "detected_message": "com.epam.ta.reportportal.exception.ReportPortalException: Impossible interact with integration. There are no analyzer services are deployed.\n",
    "stacktrace": "\tat com.epam.ta.reportportal.commons.validation.ErrorTypeBasedRuleValidator.verify(ErrorTypeBasedRuleValidator.java:32)\n\tat com.epam.ta.reportportal.core.launch.cluster.pipeline.data.AnalyzerClusterDataProvider.provide(AnalyzerClusterDataProvider.java:47)\n\tat com.epam.ta.reportportal.core.launch.cluster.pipeline.SaveClusterDataPartProvider.lambda.provide.0(SaveClusterDataPartProvider.java:44)\n\tat java.base/java.util.Optional.flatMap(Optional.java:289)\n\tat com.epam.ta.reportportal.core.launch.cluster.pipeline.SaveClusterDataPartProvider.provide(SaveClusterDataPartProvider.java:44)\n\tat com.epam.ta.reportportal.core.launch.cluster.pipeline.SaveClusterDataPartProvider.provide(SaveClusterDataPartProvider.java:30)\n\tat com.epam.ta.reportportal.pipeline.PipelineConstructor.lambda.construct.0(PipelineConstructor.java:34)\n\tat java.base/java.util.stream.ReferencePipeline.3.1.accept(ReferencePipeline.java:197)\n\tat java.base/java.util.AbstractList.RandomAccessSpliterator.forEachRemaining(AbstractList.java:722)\n\tat java.base/java.util.stream.AbstractPipeline.copyInto(AbstractPipeline.java:509)\n\tat java.base/java.util.stream.AbstractPipeline.wrapAndCopyInto(AbstractPipeline.java:499)\n\tat java.base/java.util.stream.ReduceOps.ReduceOp.evaluateSequential(ReduceOps.java:921)\n\tat java.base/java.util.stream.AbstractPipeline.evaluate(AbstractPipeline.java:234)\n\tat java.base/java.util.stream.ReferencePipeline.collect(ReferencePipeline.java:682)\n\tat com.epam.ta.reportportal.pipeline.PipelineConstructor.construct(PipelineConstructor.java:34)\n\tat com.epam.ta.reportportal.core.launch.cluster.UniqueErrorGenerator.generateClusters(UniqueErrorGenerator.java:78)\n\tat com.epam.ta.reportportal.core.launch.cluster.UniqueErrorGenerator.generate(UniqueErrorGenerator.java:60)\n\tat com.epam.ta.reportportal.core.events.handler.item.TestItemUniqueErrorAnalysisRunner.handle(TestItemUniqueErrorAnalysisRunner.java:66)\n\tat com.epam.ta.reportportal.core.events.handler.item.TestItemUniqueErrorAnalysisRunner.handle(TestItemUniqueErrorAnalysisRunner.java:37)\n\tat com.epam.ta.reportportal.core.events.subscriber.impl.delegate.ProjectConfigDelegatingSubscriber.lambda.handleEvent.0(ProjectConfigDelegatingSubscriber.java:44)\n\tat java.base/java.lang.Iterable.forEach(Iterable.java:75)\n\tat com.epam.ta.reportportal.core.events.subscriber.impl.delegate.ProjectConfigDelegatingSubscriber.handleEvent(ProjectConfigDelegatingSubscriber.java:44)\n\tat com.epam.ta.reportportal.core.events.subscriber.impl.delegate.ProjectConfigDelegatingSubscriber.handleEvent(ProjectConfigDelegatingSubscriber.java:29)\n\tat com.epam.ta.reportportal.core.events.listener.TestItemIssueResolvedEventListener.lambda.onApplicationEvent.0(TestItemIssueResolvedEventListener.java:39)\n\tat java.base/java.lang.Iterable.forEach(Iterable.java:75)\n\tat com.epam.ta.reportportal.core.events.listener.TestItemIssueResolvedEventListener.onApplicationEvent(TestItemIssueResolvedEventListener.java:39)\n\tat org.springframework.cglib.proxy.MethodProxy.invoke(MethodProxy.java:218)\n\tat org.springframework.aop.framework.CglibAopProxy.CglibMethodInvocation.invokeJoinpoint(CglibAopProxy.java:793)\n\tat org.springframework.aop.framework.ReflectiveMethodInvocation.proceed(ReflectiveMethodInvocation.java:163)\n\tat org.springframework.aop.framework.CglibAopProxy.CglibMethodInvocation.proceed(CglibAopProxy.java:763)\n\tat org.springframework.aop.interceptor.AsyncExecutionInterceptor.lambda.invoke.0(AsyncExecutionInterceptor.java:115)\n\tat java.base/java.util.concurrent.FutureTask.run(FutureTask.java:317)\n\tat java.base/java.util.concurrent.ThreadPoolExecutor.runWorker(ThreadPoolExecutor.java:1144)\n\tat java.base/java.util.concurrent.ThreadPoolExecutor.Worker.run(ThreadPoolExecutor.java:642)\n\tat java.base/java.lang.Thread.run(Thread.java:1583)",
    "expected_test_methods": []
  },
  {
    "language": "c#",
    "log": "System.NullReferenceException : Object reference not set to an instance of an object.\nat Aram.Gff.Tests.Core.Functions.Functions.SelectListItemByName(RadComboBox list, String itemName, Boolean exactSearch, Boolean waitProgressBar, Boolean startWith) in C:\\swarm\\workspace\\US EN ExpensesOnceTrans STD\\Aram.Gff.Tests\\Core\\Functions\\Functions.cs:line 260 \n at ARAM_GFF.Extensions.SelectListItemByName(RadComboBox comboBox, String value, Boolean exactSearch, Boolean expandAll, Boolean waitProgressBar) in C:\\swarm\\workspace\\US EN ExpensesOnceTrans STD\\Aram.Gff.Tests\\Core\\Extensions.cs:line 532 \n at Aram.Gff.Tests.Steps.Expenses.OtherPayrollEstimatesFormSteps.SelectType(OtherPayrollEstimatesType otherEndingEstimatesType) in C:\\swarm\\workspace\\US EN ExpensesOnceTrans STD\\Aram.Gff.Tests\\Steps\\Expenses\\OtherPayrollEstimatesSteps.cs:line 132 \n at Aram.Gff.Tests.Expenses.OtherPayrollEstimates.AddDraftOtherPayrollEstimatesTest(GFFSite gffSite, OtherPayrollEstimatesType payrollEstimatesType) in C:\\swarm\\workspace\\US EN ExpensesOnceTrans STD\\Aram.Gff.Tests\\Test\\Expenses\\OtherPayrollEstimates.cs:line 46",
    "detected_message": "System.NullReferenceException : Object reference not set to an instance of an object.",
    "stacktrace": "at Aram.Gff.Tests.Core.Functions.Functions.SelectListItemByName(RadComboBox list, String itemName, Boolean exactSearch, Boolean waitProgressBar, Boolean startWith) in C:\\swarm\\workspace\\US EN ExpensesOnceTrans STD\\Aram.Gff.Tests\\Core\\Functions\\Functions.cs:line 260 \n at ARAM_GFF.Extensions.SelectListItemByName(RadComboBox comboBox, String value, Boolean exactSearch, Boolean expandAll, Boolean waitProgressBar) in C:\\swarm\\workspace\\US EN ExpensesOnceTrans STD\\Aram.Gff.Tests\\Core\\Extensions.cs:line 532 \n at Aram.Gff.Tests.Steps.Expenses.OtherPayrollEstimatesFormSteps.SelectType(OtherPayrollEstimatesType otherEndingEstimatesType) in C:\\swarm\\workspace\\US EN ExpensesOnceTrans STD\\Aram.Gff.Tests\\Steps\\Expenses\\OtherPayrollEstimatesSteps.cs:line 132 \n at Aram.Gff.Tests.Expenses.OtherPayrollEstimates.AddDraftOtherPayrollEstimatesTest(GFFSite gffSite, OtherPayrollEstimatesType payrollEstimatesType) in C:\\swarm\\workspace\\US EN ExpensesOnceTrans STD\\Aram.Gff.Tests\\Test\\Expenses\\OtherPayrollEstimates.cs:line 46",
    "expected_test_methods": [
      "Aram.Gff.Tests.Core.Functions.Functions.SelectListItemByName",
      "Aram.Gff.Tests.Expenses.OtherPayrollEstimates.AddDraftOtherPayrollEstimatesTest",
      "Aram.Gff.Tests.Steps.Expenses.OtherPayrollEstimatesFormSteps.SelectType",
      "OtherPayrollEstimatesSteps.cs"
    ]
  },
  {
    "language": "python",
    "log": "Traceback (most recent call last):\nFile \"/tmp/teste.py\", line 9, in <module> \n run_my_stuff() \nNameError: name 'run_my_stuff' is not defined",
    "detected_message": "NameError: name 'run_my_stuff' is not defined",
    "stacktrace": "Traceback (most recent call last):\nFile \"/tmp/teste.py\", line 9, in <module> \n run_my_stuff() ",
    "expected_test_methods": []
  },
  {
    "language": "javascript",
    "log": "Error: my test error\nat [object Object]. (file:///SOME PATH/Tests/sandScript.tools-test.js:9:22) \n at [object Object].describe (file:///SOME PATH/Libraries/jasmine.js:791:21) \n at file:///SOME PATH/Libraries/jasmine.js:575:27 \n at file:///SOME PATH/Tests/sandScript.tools-test.js:5:1",
    "detected_message": "Error: my test error",
    "stacktrace": "at [object Object]. (file:///SOME PATH/Tests/sandScript.tools-test.js:9:22) \n at [object Object].describe (file:///SOME PATH/Libraries/jasmine.js:791:21) \n at file:///SOME PATH/Libraries/jasmine.js:575:27 \n at file:///SOME PATH/Tests/sandScript.tools-test.js:5:1",
    "expected_test_methods": []
  }
]
